<?xml version="1.0" encoding="utf-8"?><testsuites name="pytest tests"><testsuite name="pytest" errors="0" failures="0" skipped="1" tests="11" time="3.397" timestamp="2026-07-24T08:25:54.425354+00:00" hostname="agent-env-2e1dcae8-cc1d-4f74-8a4d-e70d659b996e"><testcase classname="tests.test_cf_config" name="test_cf_config_admin_ok" time="0.127" /><testcase classname="tests.test_cf_config" name="test_cf_config_non_admin_403" time="0.123" /><testcase classname="tests.test_cf_config" name="test_cf_config_unauth_401" time="0.104" /><testcase classname="tests.test_cf_config" name="test_cf_create_order_trial_10" time="1.214" /><testcase classname="tests.test_cf_config" name="test_plans_returns_three" time="0.147" /><testcase classname="tests.test_cf_config" name="test_settings_seller" time="0.104" /><testcase classname="tests.test_cf_config" name="test_admin_orders_list" time="0.096" /><testcase classname="tests.test_cf_config" name="test_admin_exports_summary" time="0.097" /><testcase classname="tests.test_cf_config" name="test_resend_email_admin_ok" time="0.393"><skipped type="pytest.skip" message="Email provider unavailable: &lt;!DOCTYPE html&gt;&#10;&lt;!--[if lt IE 7]&gt; &lt;html class=&quot;no-js ie6 oldie&quot; lang=&quot;en-US&quot;&gt; &lt;![endif]--&gt;&#10;&lt;!--[if IE 7]&gt;    &lt;html class=&quot;no-js ie7 oldie&quot; lang=&quot;en-US&quot;&gt; &lt;![endif]--&gt;&#10;&lt;!--[if IE 8]&gt;    &lt;html class=&quot;no-">/app/backend/tests/test_cf_config.py:139: Email provider unavailable: &lt;!DOCTYPE html&gt;
&lt;!--[if lt IE 7]&gt; &lt;html class="no-js ie6 oldie" lang="en-US"&gt; &lt;![endif]--&gt;
&lt;!--[if IE 7]&gt;    &lt;html class="no-js ie7 oldie" lang="en-US"&gt; &lt;![endif]--&gt;
&lt;!--[if IE 8]&gt;    &lt;html class="no-</skipped></testcase><testcase classname="tests.test_cf_config" name="test_resend_email_non_admin_403" time="0.095" /><testcase classname="tests.test_cf_config" name="test_admin_delete_order" time="0.103" /></testsuite></testsuites>