<?xml version="1.0" encoding="utf-8"?><testsuites name="pytest tests"><testsuite name="pytest" errors="0" failures="0" skipped="0" tests="9" time="12.488" timestamp="2026-07-24T05:48:48.867389+00:00" hostname="agent-env-2e1dcae8-cc1d-4f74-8a4d-e70d659b996e"><testcase classname="tests.test_email_activation" name="test_payload_includes_contact_email" time="0.000" /><testcase classname="tests.test_email_activation" name="test_emergent_email_requires_contact_email" time="0.331" /><testcase classname="tests.test_email_activation" name="test_resend_requires_auth" time="0.131" /><testcase classname="tests.test_email_activation" name="test_resend_non_admin_forbidden" time="0.744" /><testcase classname="tests.test_email_activation" name="test_resend_unknown_order_404" time="0.790" /><testcase classname="tests.test_email_activation" name="test_resend_unfulfilled_order_400" time="2.258" /><testcase classname="tests.test_email_activation" name="test_resend_fulfilled_order_success_updates_tracking" time="3.414" /><testcase classname="tests.test_email_activation" name="test_resend_legacy_order_without_email_sent_field" time="2.291" /><testcase classname="tests.test_email_activation" name="test_admin_orders_lists_email_state" time="2.469" /></testsuite></testsuites>