<?xml version="1.0" encoding="utf-8"?><testsuites name="pytest tests"><testsuite name="pytest" errors="0" failures="0" skipped="0" tests="15" time="3.427" timestamp="2026-07-20T06:41:37.818495+00:00" hostname="agent-env-2e1dcae8-cc1d-4f74-8a4d-e70d659b996e"><testcase classname="tests.test_gst_invoice.TestInvoiceDownloadAuth" name="test_no_token_no_session" time="0.368" /><testcase classname="tests.test_gst_invoice.TestAdminSellerSettings" name="test_admin_get_seller_full" time="0.273" /><testcase classname="tests.test_gst_invoice.TestAdminSellerSettings" name="test_admin_put_seller_auto_state_code" time="0.197" /><testcase classname="tests.test_gst_invoice.TestInvoiceDownloadAuth" name="test_invalid_token" time="0.099" /><testcase classname="tests.test_gst_invoice.TestInvoiceDownloadAuth" name="test_valid_token_but_not_paid_yet" time="0.092" /><testcase classname="tests.test_gst_invoice.TestAdminSellerSettings" name="test_admin_put_non_admin_403" time="0.130" /><testcase classname="tests.test_gst_invoice.TestInvoiceDownloadAuth" name="test_valid_token_and_paid_returns_pdf" time="0.135" /><testcase classname="tests.test_gst_invoice.TestCreateOrderGST" name="test_intra_state_trial" time="1.227" /><testcase classname="tests.test_gst_invoice.TestPublicSettings" name="test_public_seller" time="0.104" /><testcase classname="tests.test_gst_invoice.TestPublicSettings" name="test_india_states" time="0.098" /><testcase classname="tests.test_gst_invoice.TestRegression" name="test_auth_me" time="0.125" /><testcase classname="tests.test_gst_invoice.TestRegression" name="test_reports_list" time="0.103" /><testcase classname="tests.test_gst_invoice.TestPlans" name="test_plans_include_gst_pct" time="0.094" /><testcase classname="tests.test_gst_invoice.TestCreateOrderGST" name="test_inter_state_annual_with_gstin" time="0.549" /><testcase classname="tests.test_gst_invoice.TestCreateOrderGST" name="test_buyer_skips_gst_defaults_intra" time="0.516" /></testsuite></testsuites>