<?xml version="1.0" encoding="utf-8"?><testsuites name="pytest tests"><testsuite name="pytest" errors="0" failures="0" skipped="0" tests="20" time="4.503" timestamp="2026-07-17T12:02:37.441268+00:00" hostname="agent-env-2e1dcae8-cc1d-4f74-8a4d-e70d659b996e"><testcase classname="tests.backend_test" name="test_health" time="0.260" /><testcase classname="tests.backend_test" name="test_me_unauthenticated" time="0.103" /><testcase classname="tests.backend_test" name="test_me_with_token" time="0.130" /><testcase classname="tests.backend_test" name="test_create_and_list_report" time="0.378" /><testcase classname="tests.backend_test" name="test_upload_autodetect[orders.txt-orders]" time="0.123" /><testcase classname="tests.backend_test" name="test_upload_autodetect[payment.csv-payment]" time="0.169" /><testcase classname="tests.backend_test" name="test_upload_autodetect[fba_returns.csv-fba_returns]" time="0.142" /><testcase classname="tests.backend_test" name="test_upload_autodetect[easyship_returns.tsv-easyship_returns]" time="0.134" /><testcase classname="tests.backend_test" name="test_upload_autodetect[fba_removal.csv-fba_removal]" time="0.106" /><testcase classname="tests.backend_test" name="test_upload_autodetect[ad_spend.csv-ad_spend]" time="0.111" /><testcase classname="tests.backend_test" name="test_build" time="0.122" /><testcase classname="tests.backend_test" name="test_set_costs_and_library" time="0.328" /><testcase classname="tests.backend_test" name="test_returns_and_overrides" time="0.207" /><testcase classname="tests.backend_test" name="test_finalize" time="0.231" /><testcase classname="tests.backend_test" name="test_export_xlsx" time="0.138" /><testcase classname="tests.backend_test" name="test_export_pdf" time="0.112" /><testcase classname="tests.backend_test" name="test_plan" time="0.111" /><testcase classname="tests.backend_test" name="test_checkout" time="0.813" /><testcase classname="tests.backend_test" name="test_admin_forbidden_for_regular_user" time="0.099" /><testcase classname="tests.backend_test" name="test_admin_allowed_for_admin" time="0.103" /></testsuite></testsuites>