<?xml version="1.0" encoding="utf-8"?><testsuites name="pytest tests"><testsuite name="pytest" errors="0" failures="0" skipped="0" tests="12" time="4.564" timestamp="2026-07-20T20:31:12.764135+00:00" hostname="agent-env-2e1dcae8-cc1d-4f74-8a4d-e70d659b996e"><testcase classname="tests.test_quota" name="test_plans_shape" time="0.334" /><testcase classname="tests.test_quota" name="test_auth_me_fresh_user" time="0.121" /><testcase classname="tests.test_quota" name="test_create_report_quota_exhausted" time="0.127" /><testcase classname="tests.test_quota" name="test_create_report_and_regeneration_and_distinct" time="1.447" /><testcase classname="tests.test_quota" name="test_quota_exhaustion_402" time="0.385" /><testcase classname="tests.test_quota" name="test_admin_bypass" time="0.262" /><testcase classname="tests.test_quota" name="test_redeem_annual_code_adds_quota" time="0.261" /><testcase classname="tests.test_quota" name="test_redeem_trial_code_adds_one" time="0.270" /><testcase classname="tests.test_quota" name="test_cf_create_agency_starter_rejected" time="0.180" /><testcase classname="tests.test_quota" name="test_admin_users_reports_quota_field" time="0.166" /><testcase classname="tests.test_quota" name="test_public_seller_settings" time="0.112" /><testcase classname="tests.test_quota" name="test_admin_get_put_seller_settings" time="0.279" /></testsuite></testsuites>