<?xml version="1.0" encoding="utf-8"?><testsuites name="pytest tests"><testsuite name="pytest" errors="0" failures="0" skipped="0" tests="12" time="2.890" timestamp="2026-07-20T20:50:02.421891+00:00" hostname="agent-env-2e1dcae8-cc1d-4f74-8a4d-e70d659b996e"><testcase classname="tests.test_topup_and_discount.TestPlansExposure" name="test_three_plans_present" time="0.135" /><testcase classname="tests.test_topup_and_discount.TestTopupCodes" name="test_admin_generate_topup_codes" time="0.193" /><testcase classname="tests.test_topup_and_discount.TestPlansExposure" name="test_trial_shape" time="0.116" /><testcase classname="tests.test_topup_and_discount.TestTopupCodes" name="test_redeem_topup_does_not_extend_paid_until" time="0.323" /><testcase classname="tests.test_topup_and_discount.TestPlansExposure" name="test_annual_discount_fields" time="0.102" /><testcase classname="tests.test_topup_and_discount.TestPlansExposure" name="test_topup_shape" time="0.100" /><testcase classname="tests.test_topup_and_discount.TestTopupQuotaSemantics" name="test_paid_user_topup_does_not_extend_paid_until" time="0.282" /><testcase classname="tests.test_topup_and_discount.TestTopupCodes" name="test_redeem_topup_when_never_paid_keeps_paid_until_null" time="0.255" /><testcase classname="tests.test_topup_and_discount.TestTopupQuotaSemantics" name="test_unpaid_user_topup_leaves_paid_until_null" time="0.233" /><testcase classname="tests.test_topup_and_discount.TestTopupOrderGST" name="test_topup_intra_state_maharashtra" time="1.131" /><testcase classname="tests.test_topup_and_discount.TestAnnualRegression" name="test_annual_redeem_extends_365d_and_adds_12" time="0.243" /><testcase classname="tests.test_topup_and_discount.TestTopupOrderGST" name="test_topup_inter_state_karnataka" time="0.542" /></testsuite></testsuites>